<?xml version="1.0" encoding="UTF-8"?>
<testsuite name="Test Google search functionality" tests="1" skipped="0" failures="0" errors="0" timestamp="2021-07-30T23:53:56" hostname="FSP_083" time="0.121">
  <properties/>
  <testcase name="As a user I enter a searh criteria in Google" classname="Test Google search functionality" time="0.121"/>
  <system-out><![CDATA[]]></system-out>
  <system-err><![CDATA[]]></system-err>
</testsuite>
